<?xml version="1.0" encoding="UTF-8"?>
<!-- Generated by org.testng.reporters.JUnitReportReporter -->
<testsuite hostname="Work-ПК" name="MyApplication.NewTest" tests="9" failures="0" timestamp="22 Sep 2016 02:34:05 GMT" time="0.032" errors="1">
  <testcase name="checkSurname" time="0.001" classname="MyApplication.NewTest"/>
  <testcase name="checkExperience" time="0.015" classname="MyApplication.NewTest"/>
  <testcase name="getWorkingMonth" time="0.004" classname="MyApplication.NewTest"/>
  <testcase name="getSex" time="0.000" classname="MyApplication.NewTest">
    <error type="org.testng.TestNGException" message="
Parameter &#039;sex&#039; is required by @Test on method getSex but has not been marked @Optional or defined
in C:\Users\Work\AppData\Local\Temp\testng-eclipse--1796988274\testng-customsuite.xml">
      <![CDATA[org.testng.TestNGException: 
Parameter 'sex' is required by @Test on method getSex but has not been marked @Optional or defined
in C:\Users\Work\AppData\Local\Temp\testng-eclipse--1796988274\testng-customsuite.xml
	at org.testng.internal.Parameters.createParameters(Parameters.java:156)
	at org.testng.internal.Parameters.createParameters(Parameters.java:363)
	at org.testng.internal.Parameters.handleParameters(Parameters.java:488)
	at org.testng.internal.Invoker.handleParameters(Invoker.java:1240)
	at org.testng.internal.Invoker.createParameters(Invoker.java:980)
	at org.testng.internal.Invoker.invokeTestMethods(Invoker.java:1070)
	at org.testng.internal.TestMethodWorker.invokeTestMethods(TestMethodWorker.java:129)
	at org.testng.internal.TestMethodWorker.run(TestMethodWorker.java:112)
	at org.testng.TestRunner.privateRun(TestRunner.java:746)
	at org.testng.TestRunner.run(TestRunner.java:600)
	at org.testng.SuiteRunner.runTest(SuiteRunner.java:366)
	at org.testng.SuiteRunner.runSequentially(SuiteRunner.java:361)
	at org.testng.SuiteRunner.privateRun(SuiteRunner.java:319)
	at org.testng.SuiteRunner.run(SuiteRunner.java:268)
	at org.testng.SuiteRunnerWorker.runSuite(SuiteRunnerWorker.java:52)
	at org.testng.SuiteRunnerWorker.run(SuiteRunnerWorker.java:86)
	at org.testng.TestNG.runSuitesSequentially(TestNG.java:1264)
	at org.testng.TestNG.runSuitesLocally(TestNG.java:1189)
	at org.testng.TestNG.runSuites(TestNG.java:1104)
	at org.testng.TestNG.run(TestNG.java:1076)
	at org.testng.remote.AbstractRemoteTestNG.run(AbstractRemoteTestNG.java:126)
	at org.testng.remote.RemoteTestNG.initAndRun(RemoteTestNG.java:152)
	at org.testng.remote.RemoteTestNG.main(RemoteTestNG.java:57)
]]>
    </error>
  </testcase> <!-- getSex -->
  <testcase name="checkName" time="0.002" classname="MyApplication.NewTest"/>
  <testcase name="checkSalary" time="0.003" classname="MyApplication.NewTest"/>
  <testcase name="checkPosition" time="0.003" classname="MyApplication.NewTest"/>
  <testcase name="checkNameSurname" time="0.002" classname="MyApplication.NewTest"/>
  <testcase name="getWorkingYear" time="0.002" classname="MyApplication.NewTest"/>
</testsuite> <!-- MyApplication.NewTest -->
